[Sun Mar 10 16:50:08 2013] [info] Init: Initialized OpenSSL library
[Sun Mar 10 16:50:08 2013] [info] Init: Seeding PRNG with 0 bytes of entropy
[Sun Mar 10 16:50:08 2013] [info] Init: Generating temporary RSA private keys (512/1024 bits)
[Sun Mar 10 16:50:08 2013] [info] Init: Generating temporary DH parameters (512/1024 bits)
[Sun Mar 10 16:50:08 2013] [warn] Init: Session Cache is not configured [hint: SSLSessionCache]
[Sun Mar 10 16:50:08 2013] [info] Init: Initializing (virtual) servers for SSL
[Sun Mar 10 16:50:08 2013] [debug] ssl_engine_init.c(467): Creating new SSL context (protocols: SSLv2, SSLv3, TLSv1)
[Sun Mar 10 16:50:08 2013] [info] mod_ssl/2.2.22 compiled against Server: Apache/2.2.22, Library: OpenSSL/0.9.8r
[Sun Mar 10 16:50:08 2013] [debug] mod_so.c(246): loaded module ssl_module
[Sun Mar 10 16:50:08 2013] [debug] mod_so.c(246): loaded module proxy_module
[Sun Mar 10 16:50:08 2013] [debug] mod_so.c(246): loaded module proxy_http_module
[Sun Mar 10 16:50:08 2013] [debug] mod_so.c(246): loaded module headers_module
[Sun Mar 10 16:50:08 2013] [debug] mod_so.c(246): loaded module log_config_module
[Sun Mar 10 16:50:08 2013] [debug] mod_so.c(246): loaded module mime_module
[Sun Mar 10 16:50:08 2013] [debug] mod_so.c(246): loaded module dir_module
[Sun Mar 10 16:50:08 2013] [debug] mod_so.c(246): loaded module alias_module
httpd: Could not reliably determine the server's fully qualified domain name, using ::1 for ServerName
[Sun Mar 10 16:50:08 2013] [info] Init: Initialized OpenSSL library
[Sun Mar 10 16:50:08 2013] [info] Init: Seeding PRNG with 0 bytes of entropy
[Sun Mar 10 16:50:08 2013] [info] Init: Generating temporary RSA private keys (512/1024 bits)
[Sun Mar 10 16:50:08 2013] [info] Init: Generating temporary DH parameters (512/1024 bits)
[Sun Mar 10 16:50:08 2013] [info] Init: Initializing (virtual) servers for SSL
[Sun Mar 10 16:50:08 2013] [debug] ssl_engine_init.c(467): Creating new SSL context (protocols: SSLv2, SSLv3, TLSv1)
[Sun Mar 10 16:50:08 2013] [info] mod_ssl/2.2.22 compiled against Server: Apache/2.2.22, Library: OpenSSL/0.9.8r
[Sun Mar 10 16:50:08 2013] [notice] Apache/2.2.22 (Unix) mod_ssl/2.2.22 OpenSSL/0.9.8r configured -- resuming normal operations
[Sun Mar 10 16:50:08 2013] [info] Server built: Aug 24 2012 17:16:58
[Sun Mar 10 16:50:08 2013] [debug] proxy_util.c(1818): proxy: grabbed scoreboard slot 0 in child 7645 for worker http://localhost:8081/api
[Sun Mar 10 16:50:08 2013] [debug] prefork.c(1023): AcceptMutex: flock (default: flock)
[Sun Mar 10 16:50:08 2013] [debug] proxy_util.c(1818): proxy: grabbed scoreboard slot 0 in child 7646 for worker http://localhost:8081/api
[Sun Mar 10 16:50:08 2013] [debug] proxy_util.c(1934): proxy: initialized single connection worker 0 in child 7645 for (localhost)
[Sun Mar 10 16:50:08 2013] [debug] proxy_util.c(1837): proxy: worker http://localhost:8081/api already initialized
[Sun Mar 10 16:50:08 2013] [debug] proxy_util.c(1818): proxy: grabbed scoreboard slot 1 in child 7645 for worker proxy:reverse
[Sun Mar 10 16:50:08 2013] [debug] proxy_util.c(1934): proxy: initialized single connection worker 1 in child 7645 for (*)
[Sun Mar 10 16:50:08 2013] [debug] proxy_util.c(1934): proxy: initialized single connection worker 0 in child 7646 for (localhost)
[Sun Mar 10 16:50:08 2013] [debug] proxy_util.c(1818): proxy: grabbed scoreboard slot 1 in child 7646 for worker proxy:reverse
[Sun Mar 10 16:50:08 2013] [debug] proxy_util.c(1837): proxy: worker proxy:reverse already initialized
[Sun Mar 10 16:50:08 2013] [debug] proxy_util.c(1818): proxy: grabbed scoreboard slot 0 in child 7647 for worker http://localhost:8081/api
[Sun Mar 10 16:50:08 2013] [debug] proxy_util.c(1934): proxy: initialized single connection worker 1 in child 7646 for (*)
[Sun Mar 10 16:50:08 2013] [debug] proxy_util.c(1837): proxy: worker http://localhost:8081/api already initialized
[Sun Mar 10 16:50:08 2013] [debug] proxy_util.c(1934): proxy: initialized single connection worker 0 in child 7647 for (localhost)
[Sun Mar 10 16:50:08 2013] [debug] proxy_util.c(1818): proxy: grabbed scoreboard slot 1 in child 7647 for worker proxy:reverse
[Sun Mar 10 16:50:08 2013] [debug] proxy_util.c(1837): proxy: worker proxy:reverse already initialized
[Sun Mar 10 16:50:08 2013] [debug] proxy_util.c(1934): proxy: initialized single connection worker 1 in child 7647 for (*)
[Sun Mar 10 16:50:08 2013] [debug] proxy_util.c(1818): proxy: grabbed scoreboard slot 0 in child 7648 for worker http://localhost:8081/api
[Sun Mar 10 16:50:08 2013] [debug] proxy_util.c(1837): proxy: worker http://localhost:8081/api already initialized
[Sun Mar 10 16:50:08 2013] [debug] proxy_util.c(1818): proxy: grabbed scoreboard slot 0 in child 7649 for worker http://localhost:8081/api
[Sun Mar 10 16:50:08 2013] [debug] proxy_util.c(1837): proxy: worker http://localhost:8081/api already initialized
[Sun Mar 10 16:50:08 2013] [debug] proxy_util.c(1934): proxy: initialized single connection worker 0 in child 7648 for (localhost)
[Sun Mar 10 16:50:08 2013] [debug] proxy_util.c(1818): proxy: grabbed scoreboard slot 1 in child 7648 for worker proxy:reverse
[Sun Mar 10 16:50:08 2013] [debug] proxy_util.c(1837): proxy: worker proxy:reverse already initialized
[Sun Mar 10 16:50:08 2013] [debug] proxy_util.c(1934): proxy: initialized single connection worker 0 in child 7649 for (localhost)
[Sun Mar 10 16:50:08 2013] [debug] proxy_util.c(1934): proxy: initialized single connection worker 1 in child 7648 for (*)
[Sun Mar 10 16:50:08 2013] [debug] proxy_util.c(1818): proxy: grabbed scoreboard slot 1 in child 7649 for worker proxy:reverse
[Sun Mar 10 16:50:08 2013] [debug] proxy_util.c(1837): proxy: worker proxy:reverse already initialized
[Sun Mar 10 16:50:08 2013] [debug] proxy_util.c(1934): proxy: initialized single connection worker 1 in child 7649 for (*)
[Sun Mar 10 16:50:25 2013] [debug] proxy_util.c(1818): proxy: grabbed scoreboard slot 0 in child 7653 for worker http://localhost:8081/api
[Sun Mar 10 16:50:25 2013] [debug] proxy_util.c(1837): proxy: worker http://localhost:8081/api already initialized
[Sun Mar 10 16:50:25 2013] [debug] proxy_util.c(1934): proxy: initialized single connection worker 0 in child 7653 for (localhost)
[Sun Mar 10 16:50:25 2013] [debug] proxy_util.c(1818): proxy: grabbed scoreboard slot 1 in child 7653 for worker proxy:reverse
[Sun Mar 10 16:50:25 2013] [debug] proxy_util.c(1837): proxy: worker proxy:reverse already initialized
[Sun Mar 10 16:50:25 2013] [debug] proxy_util.c(1934): proxy: initialized single connection worker 1 in child 7653 for (*)
[Sun Mar 10 16:50:26 2013] [error] [client ::1] File does not exist: /Users/epintor/Projects/own/todo_mobile/web/apache/public/favicon.ico
[Sun Mar 10 16:50:26 2013] [debug] proxy_util.c(1818): proxy: grabbed scoreboard slot 0 in child 7655 for worker http://localhost:8081/api
[Sun Mar 10 16:50:26 2013] [debug] proxy_util.c(1837): proxy: worker http://localhost:8081/api already initialized
[Sun Mar 10 16:50:26 2013] [debug] proxy_util.c(1818): proxy: grabbed scoreboard slot 0 in child 7654 for worker http://localhost:8081/api
[Sun Mar 10 16:50:26 2013] [debug] proxy_util.c(1934): proxy: initialized single connection worker 0 in child 7655 for (localhost)
[Sun Mar 10 16:50:26 2013] [debug] proxy_util.c(1837): proxy: worker http://localhost:8081/api already initialized
[Sun Mar 10 16:50:26 2013] [debug] proxy_util.c(1818): proxy: grabbed scoreboard slot 1 in child 7655 for worker proxy:reverse
[Sun Mar 10 16:50:26 2013] [debug] proxy_util.c(1837): proxy: worker proxy:reverse already initialized
[Sun Mar 10 16:50:26 2013] [debug] proxy_util.c(1934): proxy: initialized single connection worker 1 in child 7655 for (*)
[Sun Mar 10 16:50:26 2013] [debug] proxy_util.c(1934): proxy: initialized single connection worker 0 in child 7654 for (localhost)
[Sun Mar 10 16:50:26 2013] [debug] proxy_util.c(1818): proxy: grabbed scoreboard slot 1 in child 7654 for worker proxy:reverse
[Sun Mar 10 16:50:26 2013] [debug] proxy_util.c(1837): proxy: worker proxy:reverse already initialized
[Sun Mar 10 16:50:26 2013] [debug] proxy_util.c(1934): proxy: initialized single connection worker 1 in child 7654 for (*)
[Sun Mar 10 16:50:27 2013] [debug] proxy_util.c(1818): proxy: grabbed scoreboard slot 0 in child 7656 for worker http://localhost:8081/api
[Sun Mar 10 16:50:27 2013] [debug] proxy_util.c(1837): proxy: worker http://localhost:8081/api already initialized
[Sun Mar 10 16:50:27 2013] [debug] proxy_util.c(1934): proxy: initialized single connection worker 0 in child 7656 for (localhost)
[Sun Mar 10 16:50:27 2013] [debug] proxy_util.c(1818): proxy: grabbed scoreboard slot 0 in child 7657 for worker http://localhost:8081/api
[Sun Mar 10 16:50:27 2013] [debug] proxy_util.c(1818): proxy: grabbed scoreboard slot 1 in child 7656 for worker proxy:reverse
[Sun Mar 10 16:50:27 2013] [debug] proxy_util.c(1837): proxy: worker http://localhost:8081/api already initialized
[Sun Mar 10 16:50:27 2013] [debug] proxy_util.c(1837): proxy: worker proxy:reverse already initialized
[Sun Mar 10 16:50:27 2013] [debug] proxy_util.c(1934): proxy: initialized single connection worker 1 in child 7656 for (*)
[Sun Mar 10 16:50:27 2013] [debug] proxy_util.c(1934): proxy: initialized single connection worker 0 in child 7657 for (localhost)
[Sun Mar 10 16:50:27 2013] [debug] proxy_util.c(1818): proxy: grabbed scoreboard slot 1 in child 7657 for worker proxy:reverse
[Sun Mar 10 16:50:27 2013] [debug] proxy_util.c(1837): proxy: worker proxy:reverse already initialized
[Sun Mar 10 16:50:27 2013] [debug] proxy_util.c(1934): proxy: initialized single connection worker 1 in child 7657 for (*)
[Sun Mar 10 16:50:27 2013] [debug] proxy_util.c(1818): proxy: grabbed scoreboard slot 0 in child 7658 for worker http://localhost:8081/api
[Sun Mar 10 16:50:27 2013] [debug] proxy_util.c(1837): proxy: worker http://localhost:8081/api already initialized
[Sun Mar 10 16:50:27 2013] [debug] proxy_util.c(1934): proxy: initialized single connection worker 0 in child 7658 for (localhost)
[Sun Mar 10 16:50:27 2013] [debug] proxy_util.c(1818): proxy: grabbed scoreboard slot 1 in child 7658 for worker proxy:reverse
[Sun Mar 10 16:50:27 2013] [debug] proxy_util.c(1837): proxy: worker proxy:reverse already initialized
[Sun Mar 10 16:50:27 2013] [debug] proxy_util.c(1934): proxy: initialized single connection worker 1 in child 7658 for (*)
[Sun Mar 10 16:50:27 2013] [debug] proxy_util.c(1818): proxy: grabbed scoreboard slot 0 in child 7659 for worker http://localhost:8081/api
[Sun Mar 10 16:50:27 2013] [debug] proxy_util.c(1837): proxy: worker http://localhost:8081/api already initialized
[Sun Mar 10 16:50:27 2013] [debug] proxy_util.c(1934): proxy: initialized single connection worker 0 in child 7659 for (localhost)
[Sun Mar 10 16:50:27 2013] [debug] proxy_util.c(1818): proxy: grabbed scoreboard slot 1 in child 7659 for worker proxy:reverse
[Sun Mar 10 16:50:27 2013] [debug] proxy_util.c(1837): proxy: worker proxy:reverse already initialized
[Sun Mar 10 16:50:27 2013] [debug] proxy_util.c(1934): proxy: initialized single connection worker 1 in child 7659 for (*)
[Sun Mar 10 16:50:35 2013] [info] removed PID file web/apache/logs/httpd.pid (pid=7641)
[Sun Mar 10 16:50:35 2013] [notice] caught SIGTERM, shutting down
